<?xml version="1.0" encoding="UTF-8"?>
<testsuite xmlns:xsi="http://www.w3.org/2001/XMLSchema-instance" xsi:noNamespaceSchemaLocation="https://maven.apache.org/surefire/maven-surefire-plugin/xsd/surefire-test-report-3.0.xsd" version="3.0" name="com.junit.ContaBancariaTests" time="0.049" tests="11" errors="0" skipped="2" failures="0">
  <properties>
[...]
</properties>
  <testcase name="deveLancarExcecaoAoCriarContaComSaldoNegativo" classname="com.junit.ContaBancariaTests" time="0.003"/>
  <testcase name="naoRodaNoLinux" classname="com.junit.ContaBancariaTests" time="0.002"/>
  <testcase name="naoDeveLancarExcecaoAoSacarValorValido" classname="com.junit.ContaBancariaTests" time="0.002"/>
  <testcase name="deveLancarExcecaoAoSacarValorMaiorQueSaldo" classname="com.junit.ContaBancariaTests" time="0.002"/>
  <testcase name="rodaSomenteNoAmbienteDeIntegracaoContinua" classname="com.junit.ContaBancariaTests" time="0.0">
    <skipped message="Environment variable [CI] does not exist"/>
  </testcase>
  <testcase name="naoDeveRodarSeEstiverEmProducao" classname="com.junit.ContaBancariaTests" time="0.002"/>
  <testcase name="rodaAMenosQueEstejaMarcadoParaPular" classname="com.junit.ContaBancariaTests" time="0.001"/>
  <testcase name="deveUsarAssumingThatParaExecutarApenasUmaParte" classname="com.junit.ContaBancariaTests" time="0.001"/>
  <testcase name="rodaSomenteNoWindows" classname="com.junit.ContaBancariaTests" time="0.001"/>
  <testcase name="deveLancarExcecaoAoDepositarValorNegativo" classname="com.junit.ContaBancariaTests" time="0.001"/>
  <testcase name="deveRodarSomenteSeAmbienteForDeTeste" classname="com.junit.ContaBancariaTests" time="0.0">
    <skipped type="org.opentest4j.TestAbortedException"><![CDATA[org.opentest4j.TestAbortedException: Assumption failed: assumption is not true
	at org.junit.jupiter.api.Assumptions.throwAssumptionFailed(Assumptions.java:316)
	at org.junit.jupiter.api.Assumptions.assumeTrue(Assumptions.java:115)
	at org.junit.jupiter.api.Assumptions.assumeTrue(Assumptions.java:66)
	at com.junit.ContaBancariaTests.deveRodarSomenteSeAmbienteForDeTeste(ContaBancariaTests.java:56)
	at java.base/java.lang.reflect.Method.invoke(Method.java:565)
	at java.base/java.util.ArrayList.forEach(ArrayList.java:1604)
	at java.base/java.util.ArrayList.forEach(ArrayList.java:1604)
]]></skipped>
  </testcase>
</testsuite>