<?xml version="1.0" encoding="UTF-8"?>
<testsuite xmlns:xsi="http://www.w3.org/2001/XMLSchema-instance" xsi:noNamespaceSchemaLocation="https://maven.apache.org/surefire/maven-surefire-plugin/xsd/surefire-test-report-3.0.xsd" version="3.0" name="com.junit.CalculadoraTests" time="0.066" tests="5" errors="0" skipped="0" failures="0">
  <properties>
[...]
</properties>
  <testcase name="deveSomarNumerosNegativos" classname="com.junit.CalculadoraTests" time="0.02">
    <system-out><![CDATA[>> Iniciando a suíte de testes da Calculadora
-> Nova instância de Calculadora criada
<- Teste finalizado

]]></system-out>
  </testcase>
  <testcase name="deveSomarDoisNumeros" classname="com.junit.CalculadoraTests" time="0.002">
    <system-out><![CDATA[-> Nova instância de Calculadora criada
<- Teste finalizado

]]></system-out>
  </testcase>
  <testcase name="resultadoDeveSerPositivo" classname="com.junit.CalculadoraTests" time="0.002">
    <system-out><![CDATA[-> Nova instância de Calculadora criada
<- Teste finalizado

]]></system-out>
  </testcase>
  <testcase name="calculadoraNaoDeveSerNula" classname="com.junit.CalculadoraTests" time="0.002">
    <system-out><![CDATA[-> Nova instância de Calculadora criada
<- Teste finalizado

]]></system-out>
  </testcase>
  <testcase name="resultadoNaoDeveSerDiferenteDeCinco" classname="com.junit.CalculadoraTests" time="0.003">
    <system-out><![CDATA[-> Nova instância de Calculadora criada
<- Teste finalizado

]]></system-out>
  </testcase>
</testsuite>